<?xml version="1.0" encoding="UTF-8"?>
<testsuite name="com.app.ncs.NcsApplicationTests" tests="1" skipped="0" failures="0" errors="0" timestamp="2026-04-08T03:39:35.931Z" hostname="DESKTOP-UL20Q5M" time="3.465">
  <properties/>
  <testcase name="insert()" classname="com.app.ncs.NcsApplicationTests" time="0.745"/>
  <system-out><![CDATA[12:39:36.040 [Test worker] INFO org.springframework.test.context.support.AnnotationConfigContextLoaderUtils -- Could not detect default configuration classes for test class [com.app.ncs.NcsApplicationTests]: NcsApplicationTests does not declare any static, non-private, non-final, nested classes annotated with @Configuration.
12:39:36.164 [Test worker] INFO org.springframework.boot.test.context.SpringBootTestContextBootstrapper -- Found @SpringBootConfiguration com.app.ncs.NcsApplication for test class com.app.ncs.NcsApplicationTests

  .   ____          _            __ _ _
 /\\ / ___'_ __ _ _(_)_ __  __ _ \ \ \ \
( ( )\___ | '_ | '_| | '_ \/ _` | \ \ \ \
 \\/  ___)| |_)| | | | | || (_| |  ) ) ) )
  '  |____| .__|_| |_|_| |_\__, | / / / /
 =========|_|==============|___/=/_/_/_/

 :: Spring Boot ::                (v3.5.6)

2026-04-08T12:39:36.603+09:00  INFO 17116 --- [    Test worker] com.app.ncs.NcsApplicationTests          : Starting NcsApplicationTests using Java 17.0.10 with PID 17116 (started by USER in D:\back_0900_phy\spring\workspace\ncs)
2026-04-08T12:39:36.604+09:00  INFO 17116 --- [    Test worker] com.app.ncs.NcsApplicationTests          : No active profile set, falling back to 1 default profile: "default"
2026-04-08T12:39:37.529+09:00  INFO 17116 --- [    Test worker] com.zaxxer.hikari.HikariDataSource       : HikariPool-1 - Starting...
2026-04-08T12:39:37.892+09:00  INFO 17116 --- [    Test worker] com.zaxxer.hikari.pool.HikariPool        : HikariPool-1 - Added connection oracle.jdbc.driver.T4CConnection@36478bce
2026-04-08T12:39:37.893+09:00  INFO 17116 --- [    Test worker] com.zaxxer.hikari.HikariDataSource       : HikariPool-1 - Start completed.
2026-04-08T12:39:38.579+09:00  INFO 17116 --- [    Test worker] .w.s.a.s.AnnotationActionEndpointMapping : Supporting [WS-Addressing August 2004, WS-Addressing 1.0]
2026-04-08T12:39:38.631+09:00  INFO 17116 --- [    Test worker] com.app.ncs.NcsApplicationTests          : Started NcsApplicationTests in 2.341 seconds (process running for 3.333)
2026-04-08T12:39:39.382+09:00  INFO 17116 --- [    Test worker] com.app.ncs.NcsApplicationTests          : MemberVO(id=1, memberEmail=11, memberPassword=11, memberName=11)
]]></system-out>
  <system-err><![CDATA[]]></system-err>
</testsuite>
